c:\users\lucas\documents\visual studio 2013\projects\vector\vector\debug\vc120.pdb
c:\users\lucas\documents\visual studio 2013\projects\vector\vector\debug\vc120.idb
c:\users\lucas\documents\visual studio 2013\projects\vector\vector\debug\beam.obj
c:\users\lucas\documents\visual studio 2013\projects\vector\vector\debug\block.obj
c:\users\lucas\documents\visual studio 2013\projects\vector\vector\debug\camera.obj
c:\users\lucas\documents\visual studio 2013\projects\vector\vector\debug\client.obj
c:\users\lucas\documents\visual studio 2013\projects\vector\vector\debug\cursor.obj
c:\users\lucas\documents\visual studio 2013\projects\vector\vector\debug\dashboard.obj
c:\users\lucas\documents\visual studio 2013\projects\vector\vector\debug\event.obj
c:\users\lucas\documents\visual studio 2013\projects\vector\vector\debug\font.obj
c:\users\lucas\documents\visual studio 2013\projects\vector\vector\debug\fwk_gfx.obj
c:\users\lucas\documents\visual studio 2013\projects\vector\vector\debug\game.obj
c:\users\lucas\documents\visual studio 2013\projects\vector\vector\debug\graphics_init.obj
c:\users\lucas\documents\visual studio 2013\projects\vector\vector\debug\lobby.obj
c:\users\lucas\documents\visual studio 2013\projects\vector\vector\debug\main.obj
c:\users\lucas\documents\visual studio 2013\projects\vector\vector\debug\map.obj
c:\users\lucas\documents\visual studio 2013\projects\vector\vector\debug\player.obj
c:\users\lucas\documents\visual studio 2013\projects\vector\vector\debug\render.obj
c:\users\lucas\documents\visual studio 2013\projects\vector\vector\debug\server.obj
c:\users\lucas\documents\visual studio 2013\projects\vector\vector\debug\start.obj
c:\users\lucas\documents\visual studio 2013\projects\vector\vector\debug\test_gfx.obj
c:\users\lucas\documents\visual studio 2013\projects\vector\vector\debug\unit.obj
c:\users\lucas\documents\visual studio 2013\projects\vector\debug\vector.ilk
c:\users\lucas\documents\visual studio 2013\projects\vector\debug\vector.exe
c:\users\lucas\documents\visual studio 2013\projects\vector\debug\vector.pdb
c:\users\lucas\documents\visual studio 2013\projects\vector\vector\debug\vector.tlog\cl.command.1.tlog
c:\users\lucas\documents\visual studio 2013\projects\vector\vector\debug\vector.tlog\cl.read.1.tlog
c:\users\lucas\documents\visual studio 2013\projects\vector\vector\debug\vector.tlog\cl.write.1.tlog
c:\users\lucas\documents\visual studio 2013\projects\vector\vector\debug\vector.tlog\link.command.1.tlog
c:\users\lucas\documents\visual studio 2013\projects\vector\vector\debug\vector.tlog\link.read.1.tlog
c:\users\lucas\documents\visual studio 2013\projects\vector\vector\debug\vector.tlog\link.write.1.tlog
